app/build/intermediates/manifest_merge_blame_file/debug/manifest-merger-blame-debug-report.txt
1<?xml version="1.0" encoding="utf-8"?>
2<manifest xmlns:android="http://schemas.android.com/apk/res/android"
3    package="com.example.demonhacks"
4    android:versionCode="1"
5    android:versionName="1.0" >
6
7    <uses-sdk
8        android:minSdkVersion="26"
8-->src/main/AndroidManifest.xml
9        android:targetSdkVersion="29" />
9-->src/main/AndroidManifest.xml
10
11    <!--
12         The ACCESS_COARSE/FINE_LOCATION permissions are not required to use
13         Google Maps Android API v2, but you must specify either coarse or fine
14         location permissions for the 'MyLocation' functionality.
15    -->
16    <uses-permission android:name="android.permission.ACCESS_FINE_LOCATION" />
16-->src/main/AndroidManifest.xml:10:5-79
16-->src/main/AndroidManifest.xml:10:22-76
17    <uses-permission android:name="android.permission.INTERNET" />
17-->src/main/AndroidManifest.xml:11:5-67
17-->src/main/AndroidManifest.xml:11:22-64
18
19    <!-- Include required permissions for Google Maps API to run. -->
20    <uses-permission android:name="android.permission.ACCESS_NETWORK_STATE" />
20-->[com.google.android.gms:play-services-maps:16.1.0] AndroidManifest.xml:23:5-79
20-->[com.google.android.gms:play-services-maps:16.1.0] AndroidManifest.xml:23:22-76
21
22    <uses-feature
22-->[com.google.android.gms:play-services-maps:16.1.0] AndroidManifest.xml:26:5-28:35
23        android:glEsVersion="0x00020000"
23-->[com.google.android.gms:play-services-maps:16.1.0] AndroidManifest.xml:27:9-41
24        android:required="true" />
24-->[com.google.android.gms:play-services-maps:16.1.0] AndroidManifest.xml:28:9-32
25
26    <application
26-->src/main/AndroidManifest.xml:13:5-51:19
27        android:allowBackup="true"
27-->src/main/AndroidManifest.xml:14:9-35
28        android:appComponentFactory="androidx.core.app.CoreComponentFactory"
28-->[androidx.core:core:1.0.1] AndroidManifest.xml:22:18-86
29        android:debuggable="true"
30        android:icon="@drawable/ventra2"
30-->src/main/AndroidManifest.xml:15:9-41
31        android:label="@string/app_name"
31-->src/main/AndroidManifest.xml:16:9-41
32        android:roundIcon="@drawable/ventra2"
32-->src/main/AndroidManifest.xml:17:9-46
33        android:supportsRtl="true"
33-->src/main/AndroidManifest.xml:18:9-35
34        android:testOnly="true"
35        android:theme="@style/Theme.AppCompat.DayNight.NoActionBar"
35-->src/main/AndroidManifest.xml:20:9-68
36        android:usesCleartextTraffic="true" >
36-->src/main/AndroidManifest.xml:19:9-44
37        <activity
37-->src/main/AndroidManifest.xml:22:9-29:20
38            android:name="com.example.demonhacks.SplashScreenActivity"
38-->src/main/AndroidManifest.xml:22:19-55
39            android:screenOrientation="portrait" >
39-->src/main/AndroidManifest.xml:22:56-92
40            <intent-filter>
40-->src/main/AndroidManifest.xml:23:13-28:29
41                <action android:name="android.intent.action.MAIN" />
41-->src/main/AndroidManifest.xml:24:17-69
41-->src/main/AndroidManifest.xml:24:25-66
42                <action android:name="android.intent.action.VIEW" />
42-->src/main/AndroidManifest.xml:25:17-69
42-->src/main/AndroidManifest.xml:25:25-66
43
44                <category android:name="android.intent.category.LAUNCHER" />
44-->src/main/AndroidManifest.xml:27:17-77
44-->src/main/AndroidManifest.xml:27:27-74
45            </intent-filter>
46        </activity>
47        <!--
48             The API key for Google Maps-based APIs is defined as a string resource.
49             (See the file "res/values/google_maps_api.xml").
50             Note that the API key is linked to the encryption key used to sign the APK.
51             You need a different API key for each encryption key, including the release key that is used to
52             sign the APK for publishing.
53             You can define the keys for the debug and release targets in src/debug/ and src/release/.
54        -->
55        <meta-data
55-->src/main/AndroidManifest.xml:38:9-40:55
56            android:name="com.google.android.geo.API_KEY"
56-->src/main/AndroidManifest.xml:39:13-58
57            android:value="@string/google_maps_key" />
57-->src/main/AndroidManifest.xml:40:13-52
58
59        <activity
59-->src/main/AndroidManifest.xml:42:9-44:63
60            android:name="com.example.demonhacks.TrainMapActivity"
60-->src/main/AndroidManifest.xml:43:13-45
61            android:label="@string/title_activity_train_map" />
61-->src/main/AndroidManifest.xml:44:13-61
62        <activity
62-->src/main/AndroidManifest.xml:46:9-86
63            android:name="com.example.demonhacks.MainActivity"
63-->src/main/AndroidManifest.xml:46:19-47
64            android:screenOrientation="portrait" />
64-->src/main/AndroidManifest.xml:46:48-84
65        <activity
65-->src/main/AndroidManifest.xml:48:9-88
66            android:name="com.example.demonhacks.ReportActivity"
66-->src/main/AndroidManifest.xml:48:19-49
67            android:screenOrientation="portrait" />
67-->src/main/AndroidManifest.xml:48:50-86
68        <activity
68-->src/main/AndroidManifest.xml:49:9-94
69            android:name="com.example.demonhacks.SubmitReportActivity"
69-->src/main/AndroidManifest.xml:49:19-55
70            android:screenOrientation="portrait" />
70-->src/main/AndroidManifest.xml:49:56-92
71
72        <!-- Needs to be explicitly declared on P+ -->
73        <uses-library
73-->[com.google.android.gms:play-services-maps:16.1.0] AndroidManifest.xml:33:9-35:40
74            android:name="org.apache.http.legacy"
74-->[com.google.android.gms:play-services-maps:16.1.0] AndroidManifest.xml:34:13-50
75            android:required="false" />
75-->[com.google.android.gms:play-services-maps:16.1.0] AndroidManifest.xml:35:13-37
76
77        <activity
77-->[com.google.android.gms:play-services-base:16.0.1] AndroidManifest.xml:23:9-26:75
78            android:name="com.google.android.gms.common.api.GoogleApiActivity"
78-->[com.google.android.gms:play-services-base:16.0.1] AndroidManifest.xml:24:13-79
79            android:exported="false"
79-->[com.google.android.gms:play-services-base:16.0.1] AndroidManifest.xml:25:13-37
80            android:theme="@android:style/Theme.Translucent.NoTitleBar" />
80-->[com.google.android.gms:play-services-base:16.0.1] AndroidManifest.xml:26:13-72
81
82        <meta-data
82-->[com.google.android.gms:play-services-basement:16.0.1] AndroidManifest.xml:23:9-25:69
83            android:name="com.google.android.gms.version"
83-->[com.google.android.gms:play-services-basement:16.0.1] AndroidManifest.xml:24:13-58
84            android:value="@integer/google_play_services_version" />
84-->[com.google.android.gms:play-services-basement:16.0.1] AndroidManifest.xml:25:13-66
85    </application>
86
87</manifest>